Started GET "/" for 127.0.0.1 at 2018-04-26 16:51:05 +0200
Processing by Rails::WelcomeController#index as HTML
  Rendering /Users/geraldy/.rvm/gems/ruby-2.4.0/gems/railties-5.1.6/lib/rails/templates/rails/welcome/index.html.erb
  Rendered /Users/geraldy/.rvm/gems/ruby-2.4.0/gems/railties-5.1.6/lib/rails/templates/rails/welcome/index.html.erb (3.1ms)
Completed 200 OK in 192ms (Views: 9.7ms)


Started GET "/home" for 127.0.0.1 at 2018-04-26 16:58:44 +0200
  
ActionController::RoutingError (No route matches [GET] "/home"):
  
actionpack (5.1.6) lib/action_dispatch/middleware/debug_exceptions.rb:63:in `call'
web-console (3.6.1) lib/web_console/middleware.rb:135:in `call_app'
web-console (3.6.1) lib/web_console/middleware.rb:30:in `block in call'
web-console (3.6.1) lib/web_console/middleware.rb:20:in `catch'
web-console (3.6.1) lib/web_console/middleware.rb:20:in `call'
actionpack (5.1.6) lib/action_dispatch/middleware/show_exceptions.rb:31:in `call'
railties (5.1.6) lib/rails/rack/logger.rb:36:in `call_app'
railties (5.1.6) lib/rails/rack/logger.rb:24:in `block in call'
activesupport (5.1.6) lib/active_support/tagged_logging.rb:69:in `block in tagged'
activesupport (5.1.6) lib/active_support/tagged_logging.rb:26:in `tagged'
activesupport (5.1.6) lib/active_support/tagged_logging.rb:69:in `tagged'
railties (5.1.6) lib/rails/rack/logger.rb:24:in `call'
sprockets-rails (3.2.1) lib/sprockets/rails/quiet_assets.rb:13:in `call'
actionpack (5.1.6) lib/action_dispatch/middleware/remote_ip.rb:79:in `call'
actionpack (5.1.6) lib/action_dispatch/middleware/request_id.rb:25:in `call'
rack (2.0.5) lib/rack/method_override.rb:22:in `call'
rack (2.0.5) lib/rack/runtime.rb:22:in `call'
activesupport (5.1.6) lib/active_support/cache/strategy/local_cache_middleware.rb:27:in `call'
actionpack (5.1.6) lib/action_dispatch/middleware/executor.rb:12:in `call'
actionpack (5.1.6) lib/action_dispatch/middleware/static.rb:125:in `call'
rack (2.0.5) lib/rack/sendfile.rb:111:in `call'
railties (5.1.6) lib/rails/engine.rb:522:in `call'
puma (3.11.4) lib/puma/configuration.rb:225:in `call'
puma (3.11.4) lib/puma/server.rb:632:in `handle_request'
puma (3.11.4) lib/puma/server.rb:446:in `process_client'
puma (3.11.4) lib/puma/server.rb:306:in `block in run'
puma (3.11.4) lib/puma/thread_pool.rb:120:in `block in spawn_thread'
Started GET "/contact" for 127.0.0.1 at 2018-04-26 16:58:54 +0200
Processing by StaticController#contact as HTML
  Rendering static/contact.html.erb within layouts/application
  Rendered static/contact.html.erb within layouts/application (0.3ms)
Completed 200 OK in 249ms (Views: 244.5ms)


Started GET "/" for 127.0.0.1 at 2018-04-26 16:58:59 +0200
Processing by StaticController#home as HTML
  Rendering static/home.html.erb within layouts/application
  Rendered static/home.html.erb within layouts/application (0.3ms)
Completed 200 OK in 27ms (Views: 23.1ms)


Started GET "/" for 127.0.0.1 at 2018-04-26 17:02:15 +0200
Processing by StaticController#home as HTML
  Rendering static/home.html.erb within layouts/application
  Rendered static/home.html.erb within layouts/application (0.3ms)
Completed 200 OK in 27ms (Views: 23.6ms)


Started GET "/" for 127.0.0.1 at 2018-04-26 17:09:15 +0200
Processing by StaticController#home as HTML
  Rendering static/home.html.erb within layouts/application
  Rendered static/home.html.erb within layouts/application (0.3ms)
Completed 200 OK in 36ms (Views: 31.9ms)


Started GET "/contact" for 127.0.0.1 at 2018-04-26 17:09:27 +0200
Processing by StaticController#contact as HTML
  Rendering static/contact.html.erb within layouts/application
  Rendered static/contact.html.erb within layouts/application (0.4ms)
Completed 200 OK in 24ms (Views: 20.3ms)


Started GET "/contact" for 127.0.0.1 at 2018-04-26 17:09:36 +0200
Processing by StaticController#contact as HTML
  Rendering static/contact.html.erb within layouts/application
  Rendered static/contact.html.erb within layouts/application (0.3ms)
Completed 200 OK in 23ms (Views: 18.8ms)


  [1m[35m (0.1ms)[0m  [1m[34mSELECT sqlite_version(*)[0m
  [1m[35m (1.8ms)[0m  [1m[35mCREATE TABLE "schema_migrations" ("version" varchar NOT NULL PRIMARY KEY)[0m
  [1m[35m (1.1ms)[0m  [1m[35mCREATE TABLE "ar_internal_metadata" ("key" varchar NOT NULL PRIMARY KEY, "value" varchar, "created_at" datetime NOT NULL, "updated_at" datetime NOT NULL)[0m
  [1m[36mActiveRecord::InternalMetadata Load (0.2ms)[0m  [1m[34mSELECT  "ar_internal_metadata".* FROM "ar_internal_metadata" WHERE "ar_internal_metadata"."key" = ? LIMIT ?[0m  [["key", "environment"], ["LIMIT", 1]]
  [1m[35m (0.0ms)[0m  [1m[36mbegin transaction[0m
  [1m[35mSQL (0.4ms)[0m  [1m[32mINSERT INTO "ar_internal_metadata" ("key", "value", "created_at", "updated_at") VALUES (?, ?, ?, ?)[0m  [["key", "environment"], ["value", "development"], ["created_at", "2018-04-26 15:09:58.990788"], ["updated_at", "2018-04-26 15:09:58.990788"]]
  [1m[35m (0.7ms)[0m  [1m[36mcommit transaction[0m
  [1m[35m (0.1ms)[0m  [1m[34mSELECT "schema_migrations"."version" FROM "schema_migrations" ORDER BY "schema_migrations"."version" ASC[0m
Started GET "/contact" for 127.0.0.1 at 2018-04-26 17:10:17 +0200
Processing by StaticController#contact as HTML
  Rendering static/contact.html.erb within layouts/application
  Rendered static/contact.html.erb within layouts/application (1.7ms)
Completed 200 OK in 373ms (Views: 173.7ms)


Started GET "/contact" for 127.0.0.1 at 2018-04-26 17:10:33 +0200
Processing by StaticController#contact as HTML
  Rendering static/contact.html.erb within layouts/application
  Rendered static/contact.html.erb within layouts/application (0.5ms)
Completed 200 OK in 23ms (Views: 18.7ms)


Started GET "/contact" for 127.0.0.1 at 2018-04-26 17:10:46 +0200
Processing by StaticController#contact as HTML
  Rendering static/contact.html.erb within layouts/application
  Rendered static/contact.html.erb within layouts/application (0.3ms)
Completed 200 OK in 22ms (Views: 18.3ms)


Started GET "/contact" for 127.0.0.1 at 2018-04-26 17:10:57 +0200
Processing by StaticController#contact as HTML
  Rendering static/contact.html.erb within layouts/application
  Rendered static/contact.html.erb within layouts/application (0.3ms)
Completed 200 OK in 24ms (Views: 17.9ms)


Started GET "/about" for 127.0.0.1 at 2018-04-26 17:11:32 +0200
Processing by StaticController#about as HTML
  Rendering static/about.html.erb within layouts/application
  Rendered static/about.html.erb within layouts/application (0.3ms)
Completed 200 OK in 21ms (Views: 17.1ms)


Started GET "/about" for 127.0.0.1 at 2018-04-26 17:11:42 +0200
Processing by StaticController#about as HTML
  Rendering static/about.html.erb within layouts/application
  Rendered static/about.html.erb within layouts/application (0.3ms)
Completed 200 OK in 24ms (Views: 18.8ms)


Started GET "/about" for 127.0.0.1 at 2018-04-26 17:12:29 +0200
Processing by StaticController#about as HTML
  Rendering static/about.html.erb within layouts/application
  Rendered static/about.html.erb within layouts/application (0.3ms)
Completed 200 OK in 24ms (Views: 19.4ms)


Started GET "/about" for 127.0.0.1 at 2018-04-26 17:12:39 +0200
Processing by StaticController#about as HTML
  Rendering static/about.html.erb within layouts/application
  Rendered static/about.html.erb within layouts/application (0.3ms)
Completed 200 OK in 26ms (Views: 21.5ms)


Started GET "/about" for 127.0.0.1 at 2018-04-26 17:12:57 +0200
Processing by StaticController#about as HTML
  Rendering static/about.html.erb within layouts/application
  Rendered static/about.html.erb within layouts/application (0.3ms)
Completed 200 OK in 26ms (Views: 21.4ms)


Started GET "/about" for 127.0.0.1 at 2018-04-26 17:13:30 +0200
Processing by StaticController#about as HTML
  Rendering static/about.html.erb within layouts/application
  Rendered static/about.html.erb within layouts/application (0.3ms)
Completed 200 OK in 25ms (Views: 20.5ms)


Started GET "/about" for 127.0.0.1 at 2018-04-26 17:14:23 +0200
Processing by StaticController#about as HTML
  Rendering static/about.html.erb within layouts/application
  Rendered static/about.html.erb within layouts/application (0.3ms)
Completed 200 OK in 33ms (Views: 29.3ms)


Started GET "/about" for 127.0.0.1 at 2018-04-26 17:15:00 +0200
Processing by StaticController#about as HTML
  Rendering static/about.html.erb within layouts/application
  Rendered static/about.html.erb within layouts/application (0.3ms)
Completed 200 OK in 24ms (Views: 17.5ms)


Started GET "/about" for 127.0.0.1 at 2018-04-26 17:15:44 +0200
Processing by StaticController#about as HTML
  Rendering static/about.html.erb within layouts/application
  Rendered static/about.html.erb within layouts/application (0.3ms)
Completed 200 OK in 26ms (Views: 20.6ms)


Started GET "/about" for 127.0.0.1 at 2018-04-26 17:24:51 +0200
Processing by StaticController#about as HTML
  Rendering static/about.html.erb within layouts/application
  Rendered static/about.html.erb within layouts/application (0.3ms)
Completed 200 OK in 33ms (Views: 27.6ms)


Started GET "/about" for 127.0.0.1 at 2018-04-26 18:38:56 +0200
Processing by StaticController#about as HTML
  Rendering static/about.html.erb within layouts/application
  Rendered static/about.html.erb within layouts/application (0.3ms)
Completed 200 OK in 35ms (Views: 30.7ms)


Started GET "/about" for 127.0.0.1 at 2018-04-26 18:39:43 +0200
Processing by StaticController#about as HTML
  Rendering static/about.html.erb within layouts/application
  Rendered static/about.html.erb within layouts/application (0.3ms)
Completed 200 OK in 27ms (Views: 23.4ms)


Started GET "/about" for 127.0.0.1 at 2018-04-26 18:39:46 +0200
Processing by StaticController#about as HTML
  Rendering static/about.html.erb within layouts/application
  Rendered static/about.html.erb within layouts/application (0.3ms)
Completed 200 OK in 25ms (Views: 20.2ms)


Started GET "/" for 127.0.0.1 at 2018-04-26 18:39:50 +0200
Processing by StaticController#home as HTML
Completed 500 Internal Server Error in 2ms


  
NameError (uninitialized constant StaticController::User):
  
app/controllers/static_controller.rb:6:in `home'
Started GET "/" for 127.0.0.1 at 2018-04-26 18:40:19 +0200
  
SyntaxError (/Users/geraldy/Documents/dev/THP/W4D4/pages_static/intro/app/controllers/static_controller.rb:10: syntax error, unexpected end-of-input, expecting keyword_end):
  
app/controllers/static_controller.rb:10: syntax error, unexpected end-of-input, expecting keyword_end
Started GET "/" for 127.0.0.1 at 2018-04-26 18:40:29 +0200
Processing by StaticController#home as HTML
  Rendering static/home.html.erb within layouts/application
  Rendered static/home.html.erb within layouts/application (0.4ms)
Completed 200 OK in 29ms (Views: 25.0ms)


Started GET "/" for 127.0.0.1 at 2018-04-26 18:42:51 +0200
Processing by StaticController#home as HTML
  Rendering static/home.html.erb within layouts/application
  Rendered static/home.html.erb within layouts/application (0.4ms)
Completed 200 OK in 34ms (Views: 30.3ms)


Started GET "/" for 127.0.0.1 at 2018-04-26 18:42:55 +0200
Processing by StaticController#home as HTML
  Rendering static/home.html.erb within layouts/application
  Rendered static/home.html.erb within layouts/application (0.5ms)
Completed 200 OK in 31ms (Views: 25.8ms)


Started GET "/" for 127.0.0.1 at 2018-04-26 18:42:57 +0200
Processing by StaticController#home as HTML
  Rendering static/home.html.erb within layouts/application
  Rendered static/home.html.erb within layouts/application (0.4ms)
Completed 200 OK in 29ms (Views: 22.6ms)


Started GET "/" for 127.0.0.1 at 2018-04-26 18:43:06 +0200
Processing by StaticController#home as HTML
  Rendering static/home.html.erb within layouts/application
  Rendered static/home.html.erb within layouts/application (0.3ms)
Completed 200 OK in 23ms (Views: 18.2ms)


Started GET "/" for 127.0.0.1 at 2018-04-26 18:43:07 +0200
Processing by StaticController#home as HTML
  Rendering static/home.html.erb within layouts/application
  Rendered static/home.html.erb within layouts/application (0.6ms)
Completed 200 OK in 35ms (Views: 26.0ms)


Started GET "/" for 127.0.0.1 at 2018-04-26 18:46:57 +0200
Processing by StaticController#home as HTML
  Rendering static/home.html.erb within layouts/application
  Rendered static/home.html.erb within layouts/application (0.4ms)
Completed 200 OK in 32ms (Views: 27.9ms)


Started GET "/" for 127.0.0.1 at 2018-04-26 18:47:48 +0200
Processing by StaticController#home as HTML
  Rendering static/home.html.erb within layouts/application
  Rendered static/home.html.erb within layouts/application (0.3ms)
Completed 200 OK in 23ms (Views: 18.6ms)


Started GET "/" for 127.0.0.1 at 2018-04-26 18:56:50 +0200
Processing by StaticController#home as HTML
  Rendering static/home.html.erb within layouts/application
  Rendered static/home.html.erb within layouts/application (0.3ms)
Completed 200 OK in 37ms (Views: 32.3ms)


Started GET "/" for 127.0.0.1 at 2018-04-26 18:56:53 +0200
Processing by StaticController#home as HTML
  Rendering static/home.html.erb within layouts/application
  Rendered static/home.html.erb within layouts/application (0.3ms)
Completed 200 OK in 31ms (Views: 25.0ms)


Started GET "/" for 127.0.0.1 at 2018-04-26 19:03:07 +0200
Processing by StaticController#home as HTML
  Rendering static/home.html.erb within layouts/application
  Rendered static/home.html.erb within layouts/application (0.4ms)
Completed 200 OK in 23ms (Views: 18.9ms)


Started GET "/" for 127.0.0.1 at 2018-04-26 19:03:53 +0200
Processing by StaticController#home as HTML
  Rendering static/home.html.erb within layouts/application
  Rendered static/home.html.erb within layouts/application (0.4ms)
Completed 200 OK in 24ms (Views: 19.5ms)


Started GET "/contact" for 127.0.0.1 at 2018-04-26 19:04:30 +0200
Processing by StaticController#contact as HTML
  Rendering static/contact.html.erb within layouts/application
  Rendered static/contact.html.erb within layouts/application (1.3ms)
Completed 200 OK in 32ms (Views: 27.3ms)


Started GET "/about" for 127.0.0.1 at 2018-04-26 19:04:31 +0200
Processing by StaticController#about as HTML
  Rendering static/about.html.erb within layouts/application
  Rendered static/about.html.erb within layouts/application (0.4ms)
Completed 200 OK in 34ms (Views: 28.9ms)


Started GET "/" for 127.0.0.1 at 2018-04-26 19:04:32 +0200
Processing by StaticController#home as HTML
  Rendering static/home.html.erb within layouts/application
  Rendered static/home.html.erb within layouts/application (0.4ms)
Completed 200 OK in 34ms (Views: 28.5ms)


Started GET "/about" for 127.0.0.1 at 2018-04-26 19:04:33 +0200
Processing by StaticController#about as HTML
  Rendering static/about.html.erb within layouts/application
  Rendered static/about.html.erb within layouts/application (0.5ms)
Completed 200 OK in 38ms (Views: 32.3ms)


Started GET "/contact" for 127.0.0.1 at 2018-04-26 19:04:34 +0200
Processing by StaticController#contact as HTML
  Rendering static/contact.html.erb within layouts/application
  Rendered static/contact.html.erb within layouts/application (0.5ms)
Completed 200 OK in 41ms (Views: 35.3ms)


Started GET "/about" for 127.0.0.1 at 2018-04-26 19:04:36 +0200
Processing by StaticController#about as HTML
  Rendering static/about.html.erb within layouts/application
  Rendered static/about.html.erb within layouts/application (0.5ms)
Completed 200 OK in 42ms (Views: 33.6ms)


Started GET "/" for 127.0.0.1 at 2018-04-26 19:04:37 +0200
Processing by StaticController#home as HTML
  Rendering static/home.html.erb within layouts/application
  Rendered static/home.html.erb within layouts/application (0.9ms)
Completed 200 OK in 35ms (Views: 28.3ms)


Started GET "/navbar-brand" for 127.0.0.1 at 2018-04-26 19:04:40 +0200
  
ActionController::RoutingError (No route matches [GET] "/navbar-brand"):
  
actionpack (5.1.6) lib/action_dispatch/middleware/debug_exceptions.rb:63:in `call'
web-console (3.6.1) lib/web_console/middleware.rb:135:in `call_app'
web-console (3.6.1) lib/web_console/middleware.rb:30:in `block in call'
web-console (3.6.1) lib/web_console/middleware.rb:20:in `catch'
web-console (3.6.1) lib/web_console/middleware.rb:20:in `call'
actionpack (5.1.6) lib/action_dispatch/middleware/show_exceptions.rb:31:in `call'
railties (5.1.6) lib/rails/rack/logger.rb:36:in `call_app'
railties (5.1.6) lib/rails/rack/logger.rb:24:in `block in call'
activesupport (5.1.6) lib/active_support/tagged_logging.rb:69:in `block in tagged'
activesupport (5.1.6) lib/active_support/tagged_logging.rb:26:in `tagged'
activesupport (5.1.6) lib/active_support/tagged_logging.rb:69:in `tagged'
railties (5.1.6) lib/rails/rack/logger.rb:24:in `call'
sprockets-rails (3.2.1) lib/sprockets/rails/quiet_assets.rb:13:in `call'
actionpack (5.1.6) lib/action_dispatch/middleware/remote_ip.rb:79:in `call'
actionpack (5.1.6) lib/action_dispatch/middleware/request_id.rb:25:in `call'
rack (2.0.5) lib/rack/method_override.rb:22:in `call'
rack (2.0.5) lib/rack/runtime.rb:22:in `call'
activesupport (5.1.6) lib/active_support/cache/strategy/local_cache_middleware.rb:27:in `call'
actionpack (5.1.6) lib/action_dispatch/middleware/executor.rb:12:in `call'
actionpack (5.1.6) lib/action_dispatch/middleware/static.rb:125:in `call'
rack (2.0.5) lib/rack/sendfile.rb:111:in `call'
railties (5.1.6) lib/rails/engine.rb:522:in `call'
puma (3.11.4) lib/puma/configuration.rb:225:in `call'
puma (3.11.4) lib/puma/server.rb:632:in `handle_request'
puma (3.11.4) lib/puma/server.rb:446:in `process_client'
puma (3.11.4) lib/puma/server.rb:306:in `block in run'
puma (3.11.4) lib/puma/thread_pool.rb:120:in `block in spawn_thread'
Started GET "/navbar-brand" for 127.0.0.1 at 2018-04-26 19:05:07 +0200
  
ActionController::RoutingError (No route matches [GET] "/navbar-brand"):
  
actionpack (5.1.6) lib/action_dispatch/middleware/debug_exceptions.rb:63:in `call'
web-console (3.6.1) lib/web_console/middleware.rb:135:in `call_app'
web-console (3.6.1) lib/web_console/middleware.rb:30:in `block in call'
web-console (3.6.1) lib/web_console/middleware.rb:20:in `catch'
web-console (3.6.1) lib/web_console/middleware.rb:20:in `call'
actionpack (5.1.6) lib/action_dispatch/middleware/show_exceptions.rb:31:in `call'
railties (5.1.6) lib/rails/rack/logger.rb:36:in `call_app'
railties (5.1.6) lib/rails/rack/logger.rb:24:in `block in call'
activesupport (5.1.6) lib/active_support/tagged_logging.rb:69:in `block in tagged'
activesupport (5.1.6) lib/active_support/tagged_logging.rb:26:in `tagged'
activesupport (5.1.6) lib/active_support/tagged_logging.rb:69:in `tagged'
railties (5.1.6) lib/rails/rack/logger.rb:24:in `call'
sprockets-rails (3.2.1) lib/sprockets/rails/quiet_assets.rb:13:in `call'
actionpack (5.1.6) lib/action_dispatch/middleware/remote_ip.rb:79:in `call'
actionpack (5.1.6) lib/action_dispatch/middleware/request_id.rb:25:in `call'
rack (2.0.5) lib/rack/method_override.rb:22:in `call'
rack (2.0.5) lib/rack/runtime.rb:22:in `call'
activesupport (5.1.6) lib/active_support/cache/strategy/local_cache_middleware.rb:27:in `call'
actionpack (5.1.6) lib/action_dispatch/middleware/executor.rb:12:in `call'
actionpack (5.1.6) lib/action_dispatch/middleware/static.rb:125:in `call'
rack (2.0.5) lib/rack/sendfile.rb:111:in `call'
railties (5.1.6) lib/rails/engine.rb:522:in `call'
puma (3.11.4) lib/puma/configuration.rb:225:in `call'
puma (3.11.4) lib/puma/server.rb:632:in `handle_request'
puma (3.11.4) lib/puma/server.rb:446:in `process_client'
puma (3.11.4) lib/puma/server.rb:306:in `block in run'
puma (3.11.4) lib/puma/thread_pool.rb:120:in `block in spawn_thread'
Started GET "/navbar-brand" for 127.0.0.1 at 2018-04-26 19:05:33 +0200
  
ActionController::RoutingError (No route matches [GET] "/navbar-brand"):
  
actionpack (5.1.6) lib/action_dispatch/middleware/debug_exceptions.rb:63:in `call'
web-console (3.6.1) lib/web_console/middleware.rb:135:in `call_app'
web-console (3.6.1) lib/web_console/middleware.rb:30:in `block in call'
web-console (3.6.1) lib/web_console/middleware.rb:20:in `catch'
web-console (3.6.1) lib/web_console/middleware.rb:20:in `call'
actionpack (5.1.6) lib/action_dispatch/middleware/show_exceptions.rb:31:in `call'
railties (5.1.6) lib/rails/rack/logger.rb:36:in `call_app'
railties (5.1.6) lib/rails/rack/logger.rb:24:in `block in call'
activesupport (5.1.6) lib/active_support/tagged_logging.rb:69:in `block in tagged'
activesupport (5.1.6) lib/active_support/tagged_logging.rb:26:in `tagged'
activesupport (5.1.6) lib/active_support/tagged_logging.rb:69:in `tagged'
railties (5.1.6) lib/rails/rack/logger.rb:24:in `call'
sprockets-rails (3.2.1) lib/sprockets/rails/quiet_assets.rb:13:in `call'
actionpack (5.1.6) lib/action_dispatch/middleware/remote_ip.rb:79:in `call'
actionpack (5.1.6) lib/action_dispatch/middleware/request_id.rb:25:in `call'
rack (2.0.5) lib/rack/method_override.rb:22:in `call'
rack (2.0.5) lib/rack/runtime.rb:22:in `call'
activesupport (5.1.6) lib/active_support/cache/strategy/local_cache_middleware.rb:27:in `call'
actionpack (5.1.6) lib/action_dispatch/middleware/executor.rb:12:in `call'
actionpack (5.1.6) lib/action_dispatch/middleware/static.rb:125:in `call'
rack (2.0.5) lib/rack/sendfile.rb:111:in `call'
railties (5.1.6) lib/rails/engine.rb:522:in `call'
puma (3.11.4) lib/puma/configuration.rb:225:in `call'
puma (3.11.4) lib/puma/server.rb:632:in `handle_request'
puma (3.11.4) lib/puma/server.rb:446:in `process_client'
puma (3.11.4) lib/puma/server.rb:306:in `block in run'
puma (3.11.4) lib/puma/thread_pool.rb:120:in `block in spawn_thread'
Started GET "/" for 127.0.0.1 at 2018-04-26 19:05:38 +0200
Processing by StaticController#home as HTML
  Rendering static/home.html.erb within layouts/application
  Rendered static/home.html.erb within layouts/application (0.4ms)
Completed 200 OK in 27ms (Views: 23.2ms)


Started GET "/" for 127.0.0.1 at 2018-04-26 19:05:40 +0200
Processing by StaticController#home as HTML
  Rendering static/home.html.erb within layouts/application
  Rendered static/home.html.erb within layouts/application (0.4ms)
Completed 200 OK in 23ms (Views: 18.4ms)


Started GET "/" for 127.0.0.1 at 2018-04-26 19:05:41 +0200
Processing by StaticController#home as HTML
  Rendering static/home.html.erb within layouts/application
  Rendered static/home.html.erb within layouts/application (0.5ms)
Completed 200 OK in 31ms (Views: 25.3ms)


Started GET "/" for 127.0.0.1 at 2018-04-26 19:06:25 +0200
Processing by StaticController#home as HTML
  Rendering static/home.html.erb within layouts/application
  Rendered static/home.html.erb within layouts/application (0.4ms)
Completed 200 OK in 35ms (Views: 30.4ms)


Started GET "/" for 127.0.0.1 at 2018-04-26 19:07:23 +0200
Processing by StaticController#home as HTML
  Rendering static/home.html.erb within layouts/application
  Rendered static/home.html.erb within layouts/application (0.3ms)
Completed 200 OK in 22ms (Views: 18.2ms)


Started GET "/" for 127.0.0.1 at 2018-04-26 19:08:48 +0200
Processing by StaticController#home as HTML
  Rendering static/home.html.erb within layouts/application
  Rendered static/home.html.erb within layouts/application (0.3ms)
Completed 200 OK in 28ms (Views: 20.8ms)


Started GET "/" for 127.0.0.1 at 2018-04-26 19:08:56 +0200
Processing by StaticController#home as HTML
  Rendering static/home.html.erb within layouts/application
  Rendered static/home.html.erb within layouts/application (0.4ms)
Completed 200 OK in 29ms (Views: 24.1ms)


Started GET "/" for 127.0.0.1 at 2018-04-26 19:09:07 +0200
Processing by StaticController#home as HTML
  Rendering static/home.html.erb within layouts/application
  Rendered static/home.html.erb within layouts/application (0.3ms)
Completed 200 OK in 23ms (Views: 18.4ms)


Started GET "/about" for 127.0.0.1 at 2018-04-26 19:09:15 +0200
Processing by StaticController#about as HTML
  Rendering static/about.html.erb within layouts/application
  Rendered static/about.html.erb within layouts/application (0.5ms)
Completed 200 OK in 32ms (Views: 25.8ms)


Started GET "/contact" for 127.0.0.1 at 2018-04-26 19:09:16 +0200
Processing by StaticController#contact as HTML
  Rendering static/contact.html.erb within layouts/application
  Rendered static/contact.html.erb within layouts/application (0.7ms)
Completed 200 OK in 33ms (Views: 25.3ms)


Started GET "/" for 127.0.0.1 at 2018-04-26 19:09:17 +0200
Processing by StaticController#home as HTML
  Rendering static/home.html.erb within layouts/application
  Rendered static/home.html.erb within layouts/application (0.4ms)
Completed 200 OK in 37ms (Views: 32.3ms)


Started GET "/" for 127.0.0.1 at 2018-04-26 19:10:01 +0200
Processing by StaticController#home as HTML
  Rendering static/home.html.erb within layouts/application
  Rendered static/home.html.erb within layouts/application (0.4ms)
Completed 200 OK in 22ms (Views: 18.7ms)


Started GET "/" for 127.0.0.1 at 2018-04-26 19:19:18 +0200
Processing by StaticController#home as HTML
  Rendering static/home.html.erb within layouts/application
  Rendered static/home.html.erb within layouts/application (0.4ms)
Completed 200 OK in 32ms (Views: 28.0ms)


Started GET "/contact" for 127.0.0.1 at 2018-04-26 19:19:20 +0200
Processing by StaticController#contact as HTML
  Rendering static/contact.html.erb within layouts/application
  Rendered static/contact.html.erb within layouts/application (0.5ms)
Completed 200 OK in 31ms (Views: 26.2ms)


Started GET "/about" for 127.0.0.1 at 2018-04-26 19:19:22 +0200
Processing by StaticController#about as HTML
  Rendering static/about.html.erb within layouts/application
  Rendered static/about.html.erb within layouts/application (0.5ms)
Completed 200 OK in 32ms (Views: 26.4ms)


Started GET "/contact" for 127.0.0.1 at 2018-04-26 19:19:22 +0200
Processing by StaticController#contact as HTML
  Rendering static/contact.html.erb within layouts/application
  Rendered static/contact.html.erb within layouts/application (1.6ms)
Completed 200 OK in 39ms (Views: 34.5ms)


Started GET "/about" for 127.0.0.1 at 2018-04-26 19:19:24 +0200
Processing by StaticController#about as HTML
  Rendering static/about.html.erb within layouts/application
  Rendered static/about.html.erb within layouts/application (0.4ms)
Completed 200 OK in 41ms (Views: 34.7ms)


Started GET "/about" for 127.0.0.1 at 2018-04-26 19:21:22 +0200
Processing by StaticController#about as HTML
  Rendering static/about.html.erb within layouts/application
  Rendered static/about.html.erb within layouts/application (0.3ms)
Completed 200 OK in 25ms (Views: 19.5ms)


Started GET "/static/user" for 127.0.0.1 at 2018-04-26 19:21:24 +0200
  
ActionController::RoutingError (No route matches [GET] "/static/user"):
  
actionpack (5.1.6) lib/action_dispatch/middleware/debug_exceptions.rb:63:in `call'
web-console (3.6.1) lib/web_console/middleware.rb:135:in `call_app'
web-console (3.6.1) lib/web_console/middleware.rb:30:in `block in call'
web-console (3.6.1) lib/web_console/middleware.rb:20:in `catch'
web-console (3.6.1) lib/web_console/middleware.rb:20:in `call'
actionpack (5.1.6) lib/action_dispatch/middleware/show_exceptions.rb:31:in `call'
railties (5.1.6) lib/rails/rack/logger.rb:36:in `call_app'
railties (5.1.6) lib/rails/rack/logger.rb:24:in `block in call'
activesupport (5.1.6) lib/active_support/tagged_logging.rb:69:in `block in tagged'
activesupport (5.1.6) lib/active_support/tagged_logging.rb:26:in `tagged'
activesupport (5.1.6) lib/active_support/tagged_logging.rb:69:in `tagged'
railties (5.1.6) lib/rails/rack/logger.rb:24:in `call'
sprockets-rails (3.2.1) lib/sprockets/rails/quiet_assets.rb:13:in `call'
actionpack (5.1.6) lib/action_dispatch/middleware/remote_ip.rb:79:in `call'
actionpack (5.1.6) lib/action_dispatch/middleware/request_id.rb:25:in `call'
rack (2.0.5) lib/rack/method_override.rb:22:in `call'
rack (2.0.5) lib/rack/runtime.rb:22:in `call'
activesupport (5.1.6) lib/active_support/cache/strategy/local_cache_middleware.rb:27:in `call'
actionpack (5.1.6) lib/action_dispatch/middleware/executor.rb:12:in `call'
actionpack (5.1.6) lib/action_dispatch/middleware/static.rb:125:in `call'
rack (2.0.5) lib/rack/sendfile.rb:111:in `call'
railties (5.1.6) lib/rails/engine.rb:522:in `call'
puma (3.11.4) lib/puma/configuration.rb:225:in `call'
puma (3.11.4) lib/puma/server.rb:632:in `handle_request'
puma (3.11.4) lib/puma/server.rb:446:in `process_client'
puma (3.11.4) lib/puma/server.rb:306:in `block in run'
puma (3.11.4) lib/puma/thread_pool.rb:120:in `block in spawn_thread'
Started GET "/about" for 127.0.0.1 at 2018-04-26 19:21:34 +0200
Processing by StaticController#about as HTML
  Rendering static/about.html.erb within layouts/application
  Rendered static/about.html.erb within layouts/application (0.3ms)
Completed 200 OK in 28ms (Views: 24.2ms)


Started GET "/about/user" for 127.0.0.1 at 2018-04-26 19:21:37 +0200
Processing by StaticController#user as HTML
  Rendering static/user.html.erb within layouts/application
  Rendered static/user.html.erb within layouts/application (0.6ms)
Completed 200 OK in 32ms (Views: 26.7ms)


Started GET "/contact" for 127.0.0.1 at 2018-04-26 19:21:48 +0200
Processing by StaticController#contact as HTML
  Rendering static/contact.html.erb within layouts/application
  Rendered static/contact.html.erb within layouts/application (0.4ms)
Completed 200 OK in 30ms (Views: 24.2ms)


Started GET "/about" for 127.0.0.1 at 2018-04-26 19:21:50 +0200
Processing by StaticController#about as HTML
  Rendering static/about.html.erb within layouts/application
  Rendered static/about.html.erb within layouts/application (0.4ms)
Completed 200 OK in 36ms (Views: 29.4ms)


Started GET "/" for 127.0.0.1 at 2018-04-26 19:21:51 +0200
Processing by StaticController#home as HTML
  Rendering static/home.html.erb within layouts/application
  Rendered static/home.html.erb within layouts/application (0.4ms)
Completed 200 OK in 34ms (Views: 26.7ms)


Started GET "/about" for 127.0.0.1 at 2018-04-26 19:21:54 +0200
Processing by StaticController#about as HTML
  Rendering static/about.html.erb within layouts/application
  Rendered static/about.html.erb within layouts/application (0.4ms)
Completed 200 OK in 38ms (Views: 31.0ms)


Started GET "/contact" for 127.0.0.1 at 2018-04-26 19:21:55 +0200
Processing by StaticController#contact as HTML
  Rendering static/contact.html.erb within layouts/application
  Rendered static/contact.html.erb within layouts/application (0.8ms)
Completed 200 OK in 37ms (Views: 31.8ms)


Started GET "/" for 127.0.0.1 at 2018-04-26 19:21:57 +0200
Processing by StaticController#home as HTML
  Rendering static/home.html.erb within layouts/application
  Rendered static/home.html.erb within layouts/application (0.4ms)
Completed 200 OK in 36ms (Views: 29.9ms)


Started GET "/contact" for 127.0.0.1 at 2018-04-26 19:22:06 +0200
Processing by StaticController#contact as HTML
  Rendering static/contact.html.erb within layouts/application
  Rendered static/contact.html.erb within layouts/application (1.5ms)
Completed 200 OK in 43ms (Views: 37.3ms)


Started GET "/about" for 127.0.0.1 at 2018-04-26 19:22:09 +0200
Processing by StaticController#about as HTML
  Rendering static/about.html.erb within layouts/application
  Rendered static/about.html.erb within layouts/application (0.7ms)
Completed 200 OK in 42ms (Views: 34.2ms)


Started GET "/about/user" for 127.0.0.1 at 2018-04-26 19:22:11 +0200
Processing by StaticController#user as HTML
  Rendering static/user.html.erb within layouts/application
  Rendered static/user.html.erb within layouts/application (0.4ms)
Completed 200 OK in 36ms (Views: 29.8ms)


Started GET "/" for 127.0.0.1 at 2018-04-26 19:22:13 +0200
Processing by StaticController#home as HTML
  Rendering static/home.html.erb within layouts/application
  Rendered static/home.html.erb within layouts/application (0.9ms)
Completed 200 OK in 36ms (Views: 30.1ms)


Started GET "/about" for 127.0.0.1 at 2018-04-26 19:22:14 +0200
Processing by StaticController#about as HTML
  Rendering static/about.html.erb within layouts/application
  Rendered static/about.html.erb within layouts/application (0.4ms)
Completed 200 OK in 37ms (Views: 29.7ms)


Started GET "/contact" for 127.0.0.1 at 2018-04-26 19:22:15 +0200
Processing by StaticController#contact as HTML
  Rendering static/contact.html.erb within layouts/application
  Rendered static/contact.html.erb within layouts/application (1.2ms)
Completed 200 OK in 39ms (Views: 30.9ms)


Started GET "/" for 127.0.0.1 at 2018-04-26 19:22:19 +0200
Processing by StaticController#home as HTML
  Rendering static/home.html.erb within layouts/application
  Rendered static/home.html.erb within layouts/application (0.5ms)
Completed 200 OK in 42ms (Views: 35.5ms)


Started GET "/" for 127.0.0.1 at 2018-04-26 19:22:41 +0200
Processing by StaticController#home as HTML
  Rendering static/home.html.erb within layouts/application
  Rendered static/home.html.erb within layouts/application (0.4ms)
Completed 200 OK in 25ms (Views: 21.1ms)


Started GET "/contact" for 127.0.0.1 at 2018-04-26 19:22:43 +0200
Processing by StaticController#contact as HTML
  Rendering static/contact.html.erb within layouts/application
  Rendered static/contact.html.erb within layouts/application (0.4ms)
Completed 200 OK in 39ms (Views: 31.7ms)


Started GET "/about" for 127.0.0.1 at 2018-04-26 19:22:43 +0200
Processing by StaticController#about as HTML
  Rendering static/about.html.erb within layouts/application
  Rendered static/about.html.erb within layouts/application (0.5ms)
Completed 200 OK in 37ms (Views: 28.4ms)


Started GET "/about/" for 127.0.0.1 at 2018-04-26 19:22:44 +0200
Processing by StaticController#about as HTML
  Rendering static/about.html.erb within layouts/application
  Rendered static/about.html.erb within layouts/application (0.5ms)
Completed 200 OK in 34ms (Views: 26.5ms)


Started GET "/about/about/" for 127.0.0.1 at 2018-04-26 19:22:46 +0200
  
ActionController::RoutingError (No route matches [GET] "/about/about"):
  
actionpack (5.1.6) lib/action_dispatch/middleware/debug_exceptions.rb:63:in `call'
web-console (3.6.1) lib/web_console/middleware.rb:135:in `call_app'
web-console (3.6.1) lib/web_console/middleware.rb:30:in `block in call'
web-console (3.6.1) lib/web_console/middleware.rb:20:in `catch'
web-console (3.6.1) lib/web_console/middleware.rb:20:in `call'
actionpack (5.1.6) lib/action_dispatch/middleware/show_exceptions.rb:31:in `call'
railties (5.1.6) lib/rails/rack/logger.rb:36:in `call_app'
railties (5.1.6) lib/rails/rack/logger.rb:24:in `block in call'
activesupport (5.1.6) lib/active_support/tagged_logging.rb:69:in `block in tagged'
activesupport (5.1.6) lib/active_support/tagged_logging.rb:26:in `tagged'
activesupport (5.1.6) lib/active_support/tagged_logging.rb:69:in `tagged'
railties (5.1.6) lib/rails/rack/logger.rb:24:in `call'
sprockets-rails (3.2.1) lib/sprockets/rails/quiet_assets.rb:13:in `call'
actionpack (5.1.6) lib/action_dispatch/middleware/remote_ip.rb:79:in `call'
actionpack (5.1.6) lib/action_dispatch/middleware/request_id.rb:25:in `call'
rack (2.0.5) lib/rack/method_override.rb:22:in `call'
rack (2.0.5) lib/rack/runtime.rb:22:in `call'
activesupport (5.1.6) lib/active_support/cache/strategy/local_cache_middleware.rb:27:in `call'
actionpack (5.1.6) lib/action_dispatch/middleware/executor.rb:12:in `call'
actionpack (5.1.6) lib/action_dispatch/middleware/static.rb:125:in `call'
rack (2.0.5) lib/rack/sendfile.rb:111:in `call'
railties (5.1.6) lib/rails/engine.rb:522:in `call'
puma (3.11.4) lib/puma/configuration.rb:225:in `call'
puma (3.11.4) lib/puma/server.rb:632:in `handle_request'
puma (3.11.4) lib/puma/server.rb:446:in `process_client'
puma (3.11.4) lib/puma/server.rb:306:in `block in run'
puma (3.11.4) lib/puma/thread_pool.rb:120:in `block in spawn_thread'
Started GET "/about/" for 127.0.0.1 at 2018-04-26 19:22:48 +0200
Processing by StaticController#about as HTML
  Rendering static/about.html.erb within layouts/application
  Rendered static/about.html.erb within layouts/application (0.9ms)
Completed 200 OK in 36ms (Views: 29.7ms)


Started GET "/about/" for 127.0.0.1 at 2018-04-26 19:22:48 +0200
Processing by StaticController#about as HTML
  Rendering static/about.html.erb within layouts/application
  Rendered static/about.html.erb within layouts/application (0.3ms)
Completed 200 OK in 36ms (Views: 30.7ms)


Started GET "/about/about/" for 127.0.0.1 at 2018-04-26 19:22:50 +0200
  
ActionController::RoutingError (No route matches [GET] "/about/about"):
  
actionpack (5.1.6) lib/action_dispatch/middleware/debug_exceptions.rb:63:in `call'
web-console (3.6.1) lib/web_console/middleware.rb:135:in `call_app'
web-console (3.6.1) lib/web_console/middleware.rb:30:in `block in call'
web-console (3.6.1) lib/web_console/middleware.rb:20:in `catch'
web-console (3.6.1) lib/web_console/middleware.rb:20:in `call'
actionpack (5.1.6) lib/action_dispatch/middleware/show_exceptions.rb:31:in `call'
railties (5.1.6) lib/rails/rack/logger.rb:36:in `call_app'
railties (5.1.6) lib/rails/rack/logger.rb:24:in `block in call'
activesupport (5.1.6) lib/active_support/tagged_logging.rb:69:in `block in tagged'
activesupport (5.1.6) lib/active_support/tagged_logging.rb:26:in `tagged'
activesupport (5.1.6) lib/active_support/tagged_logging.rb:69:in `tagged'
railties (5.1.6) lib/rails/rack/logger.rb:24:in `call'
sprockets-rails (3.2.1) lib/sprockets/rails/quiet_assets.rb:13:in `call'
actionpack (5.1.6) lib/action_dispatch/middleware/remote_ip.rb:79:in `call'
actionpack (5.1.6) lib/action_dispatch/middleware/request_id.rb:25:in `call'
rack (2.0.5) lib/rack/method_override.rb:22:in `call'
rack (2.0.5) lib/rack/runtime.rb:22:in `call'
activesupport (5.1.6) lib/active_support/cache/strategy/local_cache_middleware.rb:27:in `call'
actionpack (5.1.6) lib/action_dispatch/middleware/executor.rb:12:in `call'
actionpack (5.1.6) lib/action_dispatch/middleware/static.rb:125:in `call'
rack (2.0.5) lib/rack/sendfile.rb:111:in `call'
railties (5.1.6) lib/rails/engine.rb:522:in `call'
puma (3.11.4) lib/puma/configuration.rb:225:in `call'
puma (3.11.4) lib/puma/server.rb:632:in `handle_request'
puma (3.11.4) lib/puma/server.rb:446:in `process_client'
puma (3.11.4) lib/puma/server.rb:306:in `block in run'
puma (3.11.4) lib/puma/thread_pool.rb:120:in `block in spawn_thread'
Started GET "/about/about/" for 127.0.0.1 at 2018-04-26 19:25:18 +0200
  
ActionController::RoutingError (No route matches [GET] "/about/about"):
  
actionpack (5.1.6) lib/action_dispatch/middleware/debug_exceptions.rb:63:in `call'
web-console (3.6.1) lib/web_console/middleware.rb:135:in `call_app'
web-console (3.6.1) lib/web_console/middleware.rb:30:in `block in call'
web-console (3.6.1) lib/web_console/middleware.rb:20:in `catch'
web-console (3.6.1) lib/web_console/middleware.rb:20:in `call'
actionpack (5.1.6) lib/action_dispatch/middleware/show_exceptions.rb:31:in `call'
railties (5.1.6) lib/rails/rack/logger.rb:36:in `call_app'
railties (5.1.6) lib/rails/rack/logger.rb:24:in `block in call'
activesupport (5.1.6) lib/active_support/tagged_logging.rb:69:in `block in tagged'
activesupport (5.1.6) lib/active_support/tagged_logging.rb:26:in `tagged'
activesupport (5.1.6) lib/active_support/tagged_logging.rb:69:in `tagged'
railties (5.1.6) lib/rails/rack/logger.rb:24:in `call'
sprockets-rails (3.2.1) lib/sprockets/rails/quiet_assets.rb:13:in `call'
actionpack (5.1.6) lib/action_dispatch/middleware/remote_ip.rb:79:in `call'
actionpack (5.1.6) lib/action_dispatch/middleware/request_id.rb:25:in `call'
rack (2.0.5) lib/rack/method_override.rb:22:in `call'
rack (2.0.5) lib/rack/runtime.rb:22:in `call'
activesupport (5.1.6) lib/active_support/cache/strategy/local_cache_middleware.rb:27:in `call'
actionpack (5.1.6) lib/action_dispatch/middleware/executor.rb:12:in `call'
actionpack (5.1.6) lib/action_dispatch/middleware/static.rb:125:in `call'
rack (2.0.5) lib/rack/sendfile.rb:111:in `call'
railties (5.1.6) lib/rails/engine.rb:522:in `call'
puma (3.11.4) lib/puma/configuration.rb:225:in `call'
puma (3.11.4) lib/puma/server.rb:632:in `handle_request'
puma (3.11.4) lib/puma/server.rb:446:in `process_client'
puma (3.11.4) lib/puma/server.rb:306:in `block in run'
puma (3.11.4) lib/puma/thread_pool.rb:120:in `block in spawn_thread'
Started GET "/about" for 127.0.0.1 at 2018-04-26 19:25:39 +0200
Processing by StaticController#about as HTML
  Rendering static/about.html.erb within layouts/application
  Rendered static/about.html.erb within layouts/application (0.3ms)
Completed 200 OK in 36ms (Views: 31.1ms)


Started GET "/about/user" for 127.0.0.1 at 2018-04-26 19:25:45 +0200
Processing by StaticController#user as HTML
  Rendering static/user.html.erb within layouts/application
  Rendered static/user.html.erb within layouts/application (0.3ms)
Completed 200 OK in 31ms (Views: 26.8ms)


Started GET "/contact" for 127.0.0.1 at 2018-04-26 19:25:47 +0200
Processing by StaticController#contact as HTML
  Rendering static/contact.html.erb within layouts/application
  Rendered static/contact.html.erb within layouts/application (0.4ms)
Completed 200 OK in 32ms (Views: 26.4ms)


Started GET "/contact" for 127.0.0.1 at 2018-04-26 19:25:48 +0200
Processing by StaticController#contact as HTML
  Rendering static/contact.html.erb within layouts/application
  Rendered static/contact.html.erb within layouts/application (0.3ms)
Completed 200 OK in 31ms (Views: 26.9ms)


Started GET "/" for 127.0.0.1 at 2018-04-26 19:25:49 +0200
Processing by StaticController#home as HTML
  Rendering static/home.html.erb within layouts/application
  Rendered static/home.html.erb within layouts/application (0.4ms)
Completed 200 OK in 38ms (Views: 31.8ms)


Started GET "/about" for 127.0.0.1 at 2018-04-26 19:25:52 +0200
Processing by StaticController#about as HTML
  Rendering static/about.html.erb within layouts/application
  Rendered static/about.html.erb within layouts/application (0.5ms)
Completed 200 OK in 33ms (Views: 28.8ms)


Started GET "/contact" for 127.0.0.1 at 2018-04-26 19:25:53 +0200
Processing by StaticController#contact as HTML
  Rendering static/contact.html.erb within layouts/application
  Rendered static/contact.html.erb within layouts/application (0.3ms)
Completed 200 OK in 32ms (Views: 26.2ms)


Started GET "/" for 127.0.0.1 at 2018-04-26 19:26:21 +0200
Processing by StaticController#home as HTML
  Rendering static/home.html.erb within layouts/application
  Rendered static/home.html.erb within layouts/application (0.4ms)
Completed 200 OK in 42ms (Views: 32.4ms)


Started GET "/" for 127.0.0.1 at 2018-04-26 19:26:25 +0200
Processing by StaticController#home as HTML
  Rendering static/home.html.erb within layouts/application
  Rendered static/home.html.erb within layouts/application (0.4ms)
Completed 200 OK in 39ms (Views: 34.9ms)


Started GET "/about" for 127.0.0.1 at 2018-04-26 19:26:26 +0200
Processing by StaticController#about as HTML
  Rendering static/about.html.erb within layouts/application
  Rendered static/about.html.erb within layouts/application (0.5ms)
Completed 200 OK in 37ms (Views: 31.5ms)


Started GET "/contact" for 127.0.0.1 at 2018-04-26 19:26:28 +0200
Processing by StaticController#contact as HTML
  Rendering static/contact.html.erb within layouts/application
  Rendered static/contact.html.erb within layouts/application (0.5ms)
Completed 200 OK in 37ms (Views: 30.8ms)


Started GET "/about" for 127.0.0.1 at 2018-04-26 19:26:30 +0200
Processing by StaticController#about as HTML
  Rendering static/about.html.erb within layouts/application
  Rendered static/about.html.erb within layouts/application (0.4ms)
Completed 200 OK in 36ms (Views: 30.6ms)


Started GET "/about" for 127.0.0.1 at 2018-04-26 19:29:21 +0200
Processing by StaticController#about as HTML
  Rendering static/about.html.erb within layouts/application
  Rendered static/about.html.erb within layouts/application (0.3ms)
Completed 200 OK in 35ms (Views: 29.0ms)


Started GET "/" for 127.0.0.1 at 2018-04-26 19:29:23 +0200
Processing by StaticController#home as HTML
  Rendering static/home.html.erb within layouts/application
  Rendered static/home.html.erb within layouts/application (0.4ms)
Completed 200 OK in 34ms (Views: 25.3ms)


Started POST "/url_de_l'action" for 127.0.0.1 at 2018-04-26 19:29:27 +0200
  
ActionController::RoutingError (No route matches [POST] "/url_de_l'action"):
  
actionpack (5.1.6) lib/action_dispatch/middleware/debug_exceptions.rb:63:in `call'
web-console (3.6.1) lib/web_console/middleware.rb:135:in `call_app'
web-console (3.6.1) lib/web_console/middleware.rb:30:in `block in call'
web-console (3.6.1) lib/web_console/middleware.rb:20:in `catch'
web-console (3.6.1) lib/web_console/middleware.rb:20:in `call'
actionpack (5.1.6) lib/action_dispatch/middleware/show_exceptions.rb:31:in `call'
railties (5.1.6) lib/rails/rack/logger.rb:36:in `call_app'
railties (5.1.6) lib/rails/rack/logger.rb:24:in `block in call'
activesupport (5.1.6) lib/active_support/tagged_logging.rb:69:in `block in tagged'
activesupport (5.1.6) lib/active_support/tagged_logging.rb:26:in `tagged'
activesupport (5.1.6) lib/active_support/tagged_logging.rb:69:in `tagged'
railties (5.1.6) lib/rails/rack/logger.rb:24:in `call'
sprockets-rails (3.2.1) lib/sprockets/rails/quiet_assets.rb:13:in `call'
actionpack (5.1.6) lib/action_dispatch/middleware/remote_ip.rb:79:in `call'
actionpack (5.1.6) lib/action_dispatch/middleware/request_id.rb:25:in `call'
rack (2.0.5) lib/rack/method_override.rb:22:in `call'
rack (2.0.5) lib/rack/runtime.rb:22:in `call'
activesupport (5.1.6) lib/active_support/cache/strategy/local_cache_middleware.rb:27:in `call'
actionpack (5.1.6) lib/action_dispatch/middleware/executor.rb:12:in `call'
actionpack (5.1.6) lib/action_dispatch/middleware/static.rb:125:in `call'
rack (2.0.5) lib/rack/sendfile.rb:111:in `call'
railties (5.1.6) lib/rails/engine.rb:522:in `call'
puma (3.11.4) lib/puma/configuration.rb:225:in `call'
puma (3.11.4) lib/puma/server.rb:632:in `handle_request'
puma (3.11.4) lib/puma/server.rb:446:in `process_client'
puma (3.11.4) lib/puma/server.rb:306:in `block in run'
puma (3.11.4) lib/puma/thread_pool.rb:120:in `block in spawn_thread'
Started GET "/" for 127.0.0.1 at 2018-04-26 19:30:12 +0200
Processing by StaticController#home as HTML
  Rendering static/home.html.erb within layouts/application
  Rendered static/home.html.erb within layouts/application (0.7ms)
Completed 200 OK in 26ms (Views: 20.3ms)


Started GET "/" for 127.0.0.1 at 2018-04-26 19:30:34 +0200
Processing by StaticController#home as HTML
  Rendering static/home.html.erb within layouts/application
  Rendered static/home.html.erb within layouts/application (0.3ms)
Completed 200 OK in 25ms (Views: 20.6ms)


Started GET "/" for 127.0.0.1 at 2018-04-26 19:30:58 +0200
Processing by StaticController#home as HTML
  Rendering static/home.html.erb within layouts/application
  Rendered static/home.html.erb within layouts/application (0.4ms)
Completed 200 OK in 31ms (Views: 24.2ms)


Started GET "/" for 127.0.0.1 at 2018-04-26 19:31:16 +0200
Processing by StaticController#home as HTML
  Rendering static/home.html.erb within layouts/application
  Rendered static/home.html.erb within layouts/application (0.3ms)
Completed 200 OK in 23ms (Views: 17.9ms)


Started POST "/url_de_l'action" for 127.0.0.1 at 2018-04-26 19:31:30 +0200
  
ActionController::RoutingError (No route matches [POST] "/url_de_l'action"):
  
actionpack (5.1.6) lib/action_dispatch/middleware/debug_exceptions.rb:63:in `call'
web-console (3.6.1) lib/web_console/middleware.rb:135:in `call_app'
web-console (3.6.1) lib/web_console/middleware.rb:30:in `block in call'
web-console (3.6.1) lib/web_console/middleware.rb:20:in `catch'
web-console (3.6.1) lib/web_console/middleware.rb:20:in `call'
actionpack (5.1.6) lib/action_dispatch/middleware/show_exceptions.rb:31:in `call'
railties (5.1.6) lib/rails/rack/logger.rb:36:in `call_app'
railties (5.1.6) lib/rails/rack/logger.rb:24:in `block in call'
activesupport (5.1.6) lib/active_support/tagged_logging.rb:69:in `block in tagged'
activesupport (5.1.6) lib/active_support/tagged_logging.rb:26:in `tagged'
activesupport (5.1.6) lib/active_support/tagged_logging.rb:69:in `tagged'
railties (5.1.6) lib/rails/rack/logger.rb:24:in `call'
sprockets-rails (3.2.1) lib/sprockets/rails/quiet_assets.rb:13:in `call'
actionpack (5.1.6) lib/action_dispatch/middleware/remote_ip.rb:79:in `call'
actionpack (5.1.6) lib/action_dispatch/middleware/request_id.rb:25:in `call'
rack (2.0.5) lib/rack/method_override.rb:22:in `call'
rack (2.0.5) lib/rack/runtime.rb:22:in `call'
activesupport (5.1.6) lib/active_support/cache/strategy/local_cache_middleware.rb:27:in `call'
actionpack (5.1.6) lib/action_dispatch/middleware/executor.rb:12:in `call'
actionpack (5.1.6) lib/action_dispatch/middleware/static.rb:125:in `call'
rack (2.0.5) lib/rack/sendfile.rb:111:in `call'
railties (5.1.6) lib/rails/engine.rb:522:in `call'
puma (3.11.4) lib/puma/configuration.rb:225:in `call'
puma (3.11.4) lib/puma/server.rb:632:in `handle_request'
puma (3.11.4) lib/puma/server.rb:446:in `process_client'
puma (3.11.4) lib/puma/server.rb:306:in `block in run'
puma (3.11.4) lib/puma/thread_pool.rb:120:in `block in spawn_thread'
Started GET "/about" for 127.0.0.1 at 2018-04-26 19:32:26 +0200
Processing by StaticController#about as HTML
  Rendering static/about.html.erb within layouts/application
  Rendered static/about.html.erb within layouts/application (0.3ms)
Completed 200 OK in 35ms (Views: 30.4ms)


Started GET "/" for 127.0.0.1 at 2018-04-26 19:40:29 +0200
Processing by StaticController#home as HTML
  Rendering static/home.html.erb within layouts/application
  Rendered static/home.html.erb within layouts/application (2.6ms)
Completed 200 OK in 71ms (Views: 60.0ms)


Started GET "/" for 127.0.0.1 at 2018-04-26 19:45:48 +0200
Processing by StaticController#home as HTML
Completed 500 Internal Server Error in 3ms


  
NameError (uninitialized constant StaticController::User):
  
app/controllers/static_controller.rb:6:in `home'
Started GET "/" for 127.0.0.1 at 2018-04-26 19:46:05 +0200
Processing by StaticController#home as HTML
  Rendering static/home.html.erb within layouts/application
  Rendered static/home.html.erb within layouts/application (0.4ms)
Completed 200 OK in 42ms (Views: 37.9ms)


Started GET "/" for 127.0.0.1 at 2018-04-26 19:46:09 +0200
Processing by StaticController#home as HTML
  Rendering static/home.html.erb within layouts/application
  Rendered static/home.html.erb within layouts/application (0.4ms)
Completed 200 OK in 35ms (Views: 30.2ms)


Started GET "/contact" for 127.0.0.1 at 2018-04-26 19:53:45 +0200
Processing by StaticController#contact as HTML
  Rendering static/contact.html.erb within layouts/application
  Rendered static/contact.html.erb within layouts/application (0.7ms)
Completed 200 OK in 41ms (Views: 35.9ms)


Started GET "/about" for 127.0.0.1 at 2018-04-26 19:53:47 +0200
Processing by StaticController#about as HTML
  Rendering static/about.html.erb within layouts/application
  Rendered static/about.html.erb within layouts/application (0.4ms)
Completed 200 OK in 37ms (Views: 30.9ms)


Started GET "/about/user" for 127.0.0.1 at 2018-04-26 19:53:51 +0200
Processing by StaticController#user as HTML
  Rendering static/user.html.erb within layouts/application
  Rendered static/user.html.erb within layouts/application (0.6ms)
Completed 200 OK in 34ms (Views: 29.7ms)


Started GET "/about/user" for 127.0.0.1 at 2018-04-26 20:01:09 +0200
Processing by StaticController#user as HTML
  Rendering static/user.html.erb within layouts/application
  Rendered static/user.html.erb within layouts/application (0.4ms)
Completed 200 OK in 36ms (Views: 31.9ms)


Started GET "/" for 127.0.0.1 at 2018-04-26 20:01:11 +0200
Processing by StaticController#home as HTML
Completed 500 Internal Server Error in 4ms


  
NameError (uninitialized constant StaticController::User):
  
app/controllers/static_controller.rb:6:in `home'
Started GET "/" for 127.0.0.1 at 2018-04-26 20:07:25 +0200
Processing by StaticController#home as HTML
Completed 500 Internal Server Error in 179ms


  
NameError (uninitialized constant StaticController::User):
  
app/controllers/static_controller.rb:6:in `home'
Started GET "/" for 127.0.0.1 at 2018-04-26 20:08:43 +0200
Processing by StaticController#home as HTML
Completed 500 Internal Server Error in 215ms


  
NameError (uninitialized constant StaticController::User):
  
app/controllers/static_controller.rb:6:in `home'
Started GET "/" for 127.0.0.1 at 2018-04-26 20:09:08 +0200
Processing by StaticController#home as HTML
  Rendering static/home.html.erb within layouts/application
  Rendered static/home.html.erb within layouts/application (0.4ms)
Completed 200 OK in 208ms (Views: 203.4ms)


Started GET "/contact" for 127.0.0.1 at 2018-04-26 20:09:12 +0200
Processing by StaticController#contact as HTML
  Rendering static/contact.html.erb within layouts/application
  Rendered static/contact.html.erb within layouts/application (0.9ms)
Completed 200 OK in 44ms (Views: 39.4ms)


Started GET "/about" for 127.0.0.1 at 2018-04-26 20:09:13 +0200
Processing by StaticController#about as HTML
  Rendering static/about.html.erb within layouts/application
  Rendered static/about.html.erb within layouts/application (0.3ms)
Completed 200 OK in 33ms (Views: 27.0ms)


Started GET "/" for 127.0.0.1 at 2018-04-26 20:09:15 +0200
Processing by StaticController#home as HTML
  Rendering static/home.html.erb within layouts/application
  Rendered static/home.html.erb within layouts/application (0.4ms)
Completed 200 OK in 43ms (Views: 34.0ms)


Started GET "/about" for 127.0.0.1 at 2018-04-26 20:09:24 +0200
Processing by StaticController#about as HTML
  Rendering static/about.html.erb within layouts/application
  Rendered static/about.html.erb within layouts/application (0.6ms)
Completed 200 OK in 39ms (Views: 32.0ms)


Started GET "/about/user" for 127.0.0.1 at 2018-04-26 20:09:34 +0200
Processing by StaticController#user as HTML
  Rendering static/user.html.erb within layouts/application
  Rendered static/user.html.erb within layouts/application (0.5ms)
Completed 200 OK in 49ms (Views: 37.7ms)


Started GET "/about/user" for 127.0.0.1 at 2018-04-26 20:12:29 +0200
Processing by StaticController#user as HTML
  Rendering static/user.html.erb within layouts/application
  Rendered static/user.html.erb within layouts/application (0.3ms)
Completed 200 OK in 34ms (Views: 30.2ms)


Started GET "/about/user" for 127.0.0.1 at 2018-04-26 20:14:33 +0200
Processing by StaticController#user as HTML
  Rendering static/user.html.erb within layouts/application
  Rendered static/user.html.erb within layouts/application (1.6ms)
Completed 200 OK in 398ms (Views: 174.9ms)


Started GET "/about/user" for 127.0.0.1 at 2018-04-26 20:17:14 +0200
Processing by StaticController#user as HTML
  Rendering static/user.html.erb within layouts/application
  Rendered static/user.html.erb within layouts/application (0.4ms)
Completed 200 OK in 33ms (Views: 28.3ms)


Started GET "/about/user" for 127.0.0.1 at 2018-04-26 20:17:29 +0200
Processing by StaticController#user as HTML
  Rendering static/user.html.erb within layouts/application
  Rendered static/user.html.erb within layouts/application (0.3ms)
Completed 200 OK in 28ms (Views: 23.4ms)


Started GET "/" for 127.0.0.1 at 2018-04-26 20:17:32 +0200
Processing by StaticController#home as HTML
  Rendering static/home.html.erb within layouts/application
  Rendered static/home.html.erb within layouts/application (0.4ms)
Completed 200 OK in 34ms (Views: 25.5ms)


Started GET "/about" for 127.0.0.1 at 2018-04-26 20:17:33 +0200
Processing by StaticController#about as HTML
  Rendering static/about.html.erb within layouts/application
  Rendered static/about.html.erb within layouts/application (0.7ms)
Completed 200 OK in 32ms (Views: 27.1ms)


Started GET "/contact" for 127.0.0.1 at 2018-04-26 20:17:52 +0200
Processing by StaticController#contact as HTML
Started GET "/contact" for 127.0.0.1 at 2018-04-26 20:17:52 +0200
  Rendering static/contact.html.erb within layouts/application
Processing by StaticController#contact as HTML
  Rendered static/contact.html.erb within layouts/application (0.3ms)
  Rendering static/contact.html.erb within layouts/application
  Rendered static/contact.html.erb within layouts/application (0.4ms)
Completed 200 OK in 62ms (Views: 52.3ms)


Completed 200 OK in 45ms (Views: 40.9ms)


Started GET "/about" for 127.0.0.1 at 2018-04-26 20:17:53 +0200
Processing by StaticController#about as HTML
  Rendering static/about.html.erb within layouts/application
  Rendered static/about.html.erb within layouts/application (0.5ms)
Completed 200 OK in 41ms (Views: 34.8ms)


Started GET "/contact" for 127.0.0.1 at 2018-04-26 20:17:55 +0200
Processing by StaticController#contact as HTML
  Rendering static/contact.html.erb within layouts/application
  Rendered static/contact.html.erb within layouts/application (0.5ms)
Completed 200 OK in 38ms (Views: 31.7ms)


Started GET "/contact" for 127.0.0.1 at 2018-04-26 20:18:59 +0200
Processing by StaticController#contact as HTML
  Rendering static/contact.html.erb within layouts/application
  Rendered static/contact.html.erb within layouts/application (0.3ms)
Completed 200 OK in 33ms (Views: 29.2ms)


Started GET "/contact" for 127.0.0.1 at 2018-04-26 20:24:38 +0200
Processing by StaticController#contact as HTML
  Rendering static/contact.html.erb within layouts/application
  Rendered static/contact.html.erb within layouts/application (1.7ms)
Completed 200 OK in 386ms (Views: 203.9ms)


Started GET "/" for 127.0.0.1 at 2018-04-26 20:25:13 +0200
Processing by StaticController#home as HTML
  Rendering static/home.html.erb within layouts/application
  Rendered static/home.html.erb within layouts/application (0.5ms)
Completed 200 OK in 40ms (Views: 30.3ms)


Started GET "/" for 127.0.0.1 at 2018-04-26 20:30:48 +0200
Processing by StaticController#home as HTML
  Rendering static/home.html.erb within layouts/application
  Rendered static/home.html.erb within layouts/application (0.3ms)
Completed 200 OK in 32ms (Views: 28.0ms)


Started GET "/" for 127.0.0.1 at 2018-04-26 20:30:59 +0200
Processing by StaticController#home as HTML
  Rendering static/home.html.erb within layouts/application
  Rendered static/home.html.erb within layouts/application (0.3ms)
Completed 200 OK in 27ms (Views: 21.6ms)


Started GET "/" for 127.0.0.1 at 2018-04-26 20:51:04 +0200
Processing by StaticController#home as HTML
  Rendering static/home.html.erb within layouts/application
  Rendered static/home.html.erb within layouts/application (1.5ms)
Completed 200 OK in 325ms (Views: 185.8ms)


Started GET "/contact" for 127.0.0.1 at 2018-04-26 20:51:08 +0200
Processing by StaticController#contact as HTML
  Rendering static/contact.html.erb within layouts/application
  Rendered static/contact.html.erb within layouts/application (0.3ms)
Completed 200 OK in 30ms (Views: 24.6ms)


Started GET "/contact" for 127.0.0.1 at 2018-04-26 20:53:02 +0200
Processing by StaticController#contact as HTML
  Rendering static/contact.html.erb within layouts/application
  Rendered static/contact.html.erb within layouts/application (0.3ms)
Completed 200 OK in 22ms (Views: 18.8ms)


Started GET "/users_controller" for 127.0.0.1 at 2018-04-26 20:53:03 +0200
  
ActionController::RoutingError (No route matches [GET] "/users_controller"):
  
actionpack (5.1.6) lib/action_dispatch/middleware/debug_exceptions.rb:63:in `call'
web-console (3.6.1) lib/web_console/middleware.rb:135:in `call_app'
web-console (3.6.1) lib/web_console/middleware.rb:30:in `block in call'
web-console (3.6.1) lib/web_console/middleware.rb:20:in `catch'
web-console (3.6.1) lib/web_console/middleware.rb:20:in `call'
actionpack (5.1.6) lib/action_dispatch/middleware/show_exceptions.rb:31:in `call'
railties (5.1.6) lib/rails/rack/logger.rb:36:in `call_app'
railties (5.1.6) lib/rails/rack/logger.rb:24:in `block in call'
activesupport (5.1.6) lib/active_support/tagged_logging.rb:69:in `block in tagged'
activesupport (5.1.6) lib/active_support/tagged_logging.rb:26:in `tagged'
activesupport (5.1.6) lib/active_support/tagged_logging.rb:69:in `tagged'
railties (5.1.6) lib/rails/rack/logger.rb:24:in `call'
sprockets-rails (3.2.1) lib/sprockets/rails/quiet_assets.rb:13:in `call'
actionpack (5.1.6) lib/action_dispatch/middleware/remote_ip.rb:79:in `call'
actionpack (5.1.6) lib/action_dispatch/middleware/request_id.rb:25:in `call'
rack (2.0.5) lib/rack/method_override.rb:22:in `call'
rack (2.0.5) lib/rack/runtime.rb:22:in `call'
activesupport (5.1.6) lib/active_support/cache/strategy/local_cache_middleware.rb:27:in `call'
actionpack (5.1.6) lib/action_dispatch/middleware/executor.rb:12:in `call'
actionpack (5.1.6) lib/action_dispatch/middleware/static.rb:125:in `call'
rack (2.0.5) lib/rack/sendfile.rb:111:in `call'
railties (5.1.6) lib/rails/engine.rb:522:in `call'
puma (3.11.4) lib/puma/configuration.rb:225:in `call'
puma (3.11.4) lib/puma/server.rb:632:in `handle_request'
puma (3.11.4) lib/puma/server.rb:446:in `process_client'
puma (3.11.4) lib/puma/server.rb:306:in `block in run'
puma (3.11.4) lib/puma/thread_pool.rb:120:in `block in spawn_thread'
Started GET "/users_controller" for 127.0.0.1 at 2018-04-26 20:55:32 +0200
  
ActionController::RoutingError (No route matches [GET] "/users_controller"):
  
actionpack (5.1.6) lib/action_dispatch/middleware/debug_exceptions.rb:63:in `call'
web-console (3.6.1) lib/web_console/middleware.rb:135:in `call_app'
web-console (3.6.1) lib/web_console/middleware.rb:30:in `block in call'
web-console (3.6.1) lib/web_console/middleware.rb:20:in `catch'
web-console (3.6.1) lib/web_console/middleware.rb:20:in `call'
actionpack (5.1.6) lib/action_dispatch/middleware/show_exceptions.rb:31:in `call'
railties (5.1.6) lib/rails/rack/logger.rb:36:in `call_app'
railties (5.1.6) lib/rails/rack/logger.rb:24:in `block in call'
activesupport (5.1.6) lib/active_support/tagged_logging.rb:69:in `block in tagged'
activesupport (5.1.6) lib/active_support/tagged_logging.rb:26:in `tagged'
activesupport (5.1.6) lib/active_support/tagged_logging.rb:69:in `tagged'
railties (5.1.6) lib/rails/rack/logger.rb:24:in `call'
sprockets-rails (3.2.1) lib/sprockets/rails/quiet_assets.rb:13:in `call'
actionpack (5.1.6) lib/action_dispatch/middleware/remote_ip.rb:79:in `call'
actionpack (5.1.6) lib/action_dispatch/middleware/request_id.rb:25:in `call'
rack (2.0.5) lib/rack/method_override.rb:22:in `call'
rack (2.0.5) lib/rack/runtime.rb:22:in `call'
activesupport (5.1.6) lib/active_support/cache/strategy/local_cache_middleware.rb:27:in `call'
actionpack (5.1.6) lib/action_dispatch/middleware/executor.rb:12:in `call'
actionpack (5.1.6) lib/action_dispatch/middleware/static.rb:125:in `call'
rack (2.0.5) lib/rack/sendfile.rb:111:in `call'
railties (5.1.6) lib/rails/engine.rb:522:in `call'
puma (3.11.4) lib/puma/configuration.rb:225:in `call'
puma (3.11.4) lib/puma/server.rb:632:in `handle_request'
puma (3.11.4) lib/puma/server.rb:446:in `process_client'
puma (3.11.4) lib/puma/server.rb:306:in `block in run'
puma (3.11.4) lib/puma/thread_pool.rb:120:in `block in spawn_thread'
Started GET "/" for 127.0.0.1 at 2018-04-26 21:00:14 +0200
Processing by StaticController#home as HTML
  Rendering static/home.html.erb within layouts/application
  Rendered static/home.html.erb within layouts/application (0.3ms)
Completed 200 OK in 33ms (Views: 29.2ms)


Started GET "/" for 127.0.0.1 at 2018-04-26 21:01:32 +0200
Processing by StaticController#home as HTML
  Rendering static/home.html.erb within layouts/application
  Rendered static/home.html.erb within layouts/application (0.4ms)
Completed 200 OK in 29ms (Views: 25.6ms)


Started GET "/users_controller" for 127.0.0.1 at 2018-04-26 21:01:41 +0200
  
ActionController::RoutingError (No route matches [GET] "/users_controller"):
  
actionpack (5.1.6) lib/action_dispatch/middleware/debug_exceptions.rb:63:in `call'
web-console (3.6.1) lib/web_console/middleware.rb:135:in `call_app'
web-console (3.6.1) lib/web_console/middleware.rb:30:in `block in call'
web-console (3.6.1) lib/web_console/middleware.rb:20:in `catch'
web-console (3.6.1) lib/web_console/middleware.rb:20:in `call'
actionpack (5.1.6) lib/action_dispatch/middleware/show_exceptions.rb:31:in `call'
railties (5.1.6) lib/rails/rack/logger.rb:36:in `call_app'
railties (5.1.6) lib/rails/rack/logger.rb:24:in `block in call'
activesupport (5.1.6) lib/active_support/tagged_logging.rb:69:in `block in tagged'
activesupport (5.1.6) lib/active_support/tagged_logging.rb:26:in `tagged'
activesupport (5.1.6) lib/active_support/tagged_logging.rb:69:in `tagged'
railties (5.1.6) lib/rails/rack/logger.rb:24:in `call'
sprockets-rails (3.2.1) lib/sprockets/rails/quiet_assets.rb:13:in `call'
actionpack (5.1.6) lib/action_dispatch/middleware/remote_ip.rb:79:in `call'
actionpack (5.1.6) lib/action_dispatch/middleware/request_id.rb:25:in `call'
rack (2.0.5) lib/rack/method_override.rb:22:in `call'
rack (2.0.5) lib/rack/runtime.rb:22:in `call'
activesupport (5.1.6) lib/active_support/cache/strategy/local_cache_middleware.rb:27:in `call'
actionpack (5.1.6) lib/action_dispatch/middleware/executor.rb:12:in `call'
actionpack (5.1.6) lib/action_dispatch/middleware/static.rb:125:in `call'
rack (2.0.5) lib/rack/sendfile.rb:111:in `call'
railties (5.1.6) lib/rails/engine.rb:522:in `call'
puma (3.11.4) lib/puma/configuration.rb:225:in `call'
puma (3.11.4) lib/puma/server.rb:632:in `handle_request'
puma (3.11.4) lib/puma/server.rb:446:in `process_client'
puma (3.11.4) lib/puma/server.rb:306:in `block in run'
puma (3.11.4) lib/puma/thread_pool.rb:120:in `block in spawn_thread'
Started GET "/" for 127.0.0.1 at 2018-04-26 21:01:59 +0200
Processing by StaticController#home as HTML
  Rendering static/home.html.erb within layouts/application
  Rendered static/home.html.erb within layouts/application (0.4ms)
Completed 200 OK in 42ms (Views: 35.8ms)


Started GET "/contact" for 127.0.0.1 at 2018-04-26 21:02:02 +0200
Processing by StaticController#contact as HTML
  Rendering static/contact.html.erb within layouts/application
  Rendered static/contact.html.erb within layouts/application (0.3ms)
Completed 200 OK in 37ms (Views: 31.2ms)


Started GET "/about" for 127.0.0.1 at 2018-04-26 21:02:03 +0200
Processing by StaticController#about as HTML
  Rendering static/about.html.erb within layouts/application
  Rendered static/about.html.erb within layouts/application (0.5ms)
Completed 200 OK in 41ms (Views: 30.4ms)


Started GET "/" for 127.0.0.1 at 2018-04-26 21:02:04 +0200
Processing by StaticController#home as HTML
  Rendering static/home.html.erb within layouts/application
  Rendered static/home.html.erb within layouts/application (0.3ms)
Completed 200 OK in 42ms (Views: 33.0ms)


Started GET "/about" for 127.0.0.1 at 2018-04-26 21:02:05 +0200
Processing by StaticController#about as HTML
  Rendering static/about.html.erb within layouts/application
  Rendered static/about.html.erb within layouts/application (0.3ms)
Completed 200 OK in 35ms (Views: 28.6ms)


Started GET "/contact" for 127.0.0.1 at 2018-04-26 21:02:05 +0200
Processing by StaticController#contact as HTML
  Rendering static/contact.html.erb within layouts/application
  Rendered static/contact.html.erb within layouts/application (0.5ms)
Completed 200 OK in 36ms (Views: 29.9ms)


Started GET "/" for 127.0.0.1 at 2018-04-26 21:02:50 +0200
Processing by StaticController#home as HTML
  Rendering static/home.html.erb within layouts/application
  Rendered static/home.html.erb within layouts/application (0.4ms)
Completed 200 OK in 44ms (Views: 35.7ms)


Started GET "/" for 127.0.0.1 at 2018-04-26 21:06:09 +0200
Processing by StaticController#home as HTML
  Rendering static/home.html.erb within layouts/application
  Rendered static/home.html.erb within layouts/application (0.3ms)
Completed 200 OK in 35ms (Views: 30.3ms)


Started GET "/" for 127.0.0.1 at 2018-04-26 21:06:13 +0200
Processing by StaticController#home as HTML
  Rendering static/home.html.erb within layouts/application
  Rendered static/home.html.erb within layouts/application (0.8ms)
Completed 200 OK in 30ms (Views: 24.9ms)


Started GET "/about" for 127.0.0.1 at 2018-04-26 21:06:14 +0200
Processing by StaticController#about as HTML
  Rendering static/about.html.erb within layouts/application
  Rendered static/about.html.erb within layouts/application (0.6ms)
Completed 200 OK in 31ms (Views: 27.2ms)


Started GET "/contact" for 127.0.0.1 at 2018-04-26 21:06:16 +0200
Processing by StaticController#contact as HTML
  Rendering static/contact.html.erb within layouts/application
  Rendered static/contact.html.erb within layouts/application (0.4ms)
Completed 200 OK in 35ms (Views: 29.5ms)


Started GET "/about" for 127.0.0.1 at 2018-04-26 21:06:17 +0200
Processing by StaticController#about as HTML
  Rendering static/about.html.erb within layouts/application
  Rendered static/about.html.erb within layouts/application (0.4ms)
Completed 200 OK in 41ms (Views: 32.0ms)


Started GET "/about/user" for 127.0.0.1 at 2018-04-26 21:06:17 +0200
  
ActionController::RoutingError (No route matches [GET] "/about/user"):
  
actionpack (5.1.6) lib/action_dispatch/middleware/debug_exceptions.rb:63:in `call'
web-console (3.6.1) lib/web_console/middleware.rb:135:in `call_app'
web-console (3.6.1) lib/web_console/middleware.rb:30:in `block in call'
web-console (3.6.1) lib/web_console/middleware.rb:20:in `catch'
web-console (3.6.1) lib/web_console/middleware.rb:20:in `call'
actionpack (5.1.6) lib/action_dispatch/middleware/show_exceptions.rb:31:in `call'
railties (5.1.6) lib/rails/rack/logger.rb:36:in `call_app'
railties (5.1.6) lib/rails/rack/logger.rb:24:in `block in call'
activesupport (5.1.6) lib/active_support/tagged_logging.rb:69:in `block in tagged'
activesupport (5.1.6) lib/active_support/tagged_logging.rb:26:in `tagged'
activesupport (5.1.6) lib/active_support/tagged_logging.rb:69:in `tagged'
railties (5.1.6) lib/rails/rack/logger.rb:24:in `call'
sprockets-rails (3.2.1) lib/sprockets/rails/quiet_assets.rb:13:in `call'
actionpack (5.1.6) lib/action_dispatch/middleware/remote_ip.rb:79:in `call'
actionpack (5.1.6) lib/action_dispatch/middleware/request_id.rb:25:in `call'
rack (2.0.5) lib/rack/method_override.rb:22:in `call'
rack (2.0.5) lib/rack/runtime.rb:22:in `call'
activesupport (5.1.6) lib/active_support/cache/strategy/local_cache_middleware.rb:27:in `call'
actionpack (5.1.6) lib/action_dispatch/middleware/executor.rb:12:in `call'
actionpack (5.1.6) lib/action_dispatch/middleware/static.rb:125:in `call'
rack (2.0.5) lib/rack/sendfile.rb:111:in `call'
railties (5.1.6) lib/rails/engine.rb:522:in `call'
puma (3.11.4) lib/puma/configuration.rb:225:in `call'
puma (3.11.4) lib/puma/server.rb:632:in `handle_request'
puma (3.11.4) lib/puma/server.rb:446:in `process_client'
puma (3.11.4) lib/puma/server.rb:306:in `block in run'
puma (3.11.4) lib/puma/thread_pool.rb:120:in `block in spawn_thread'
Started GET "/about" for 127.0.0.1 at 2018-04-26 21:06:22 +0200
Processing by StaticController#about as HTML
  Rendering static/about.html.erb within layouts/application
  Rendered static/about.html.erb within layouts/application (0.9ms)
Completed 200 OK in 33ms (Views: 24.9ms)


  [1m[35m (0.9ms)[0m  [1m[34mSELECT "schema_migrations"."version" FROM "schema_migrations" ORDER BY "schema_migrations"."version" ASC[0m
Migrating to CreateUsers (20180426191542)
  [1m[35m (0.1ms)[0m  [1m[36mbegin transaction[0m
  [1m[35m (0.1ms)[0m  [1m[34mSELECT sqlite_version(*)[0m
  [1m[35m (1.1ms)[0m  [1m[35mCREATE TABLE "users" ("id" INTEGER PRIMARY KEY AUTOINCREMENT NOT NULL, "username" varchar, "bio" text, "created_at" datetime NOT NULL, "updated_at" datetime NOT NULL)[0m
  [1m[35mSQL (0.5ms)[0m  [1m[32mINSERT INTO "schema_migrations" ("version") VALUES (?)[0m  [["version", "20180426191542"]]
  [1m[35m (2.5ms)[0m  [1m[36mcommit transaction[0m
  [1m[36mActiveRecord::InternalMetadata Load (1.1ms)[0m  [1m[34mSELECT  "ar_internal_metadata".* FROM "ar_internal_metadata" WHERE "ar_internal_metadata"."key" = ? LIMIT ?[0m  [["key", "environment"], ["LIMIT", 1]]
  [1m[35m (0.1ms)[0m  [1m[36mbegin transaction[0m
  [1m[35m (0.0ms)[0m  [1m[36mcommit transaction[0m
  [1m[35m (0.1ms)[0m  [1m[34mSELECT "schema_migrations"."version" FROM "schema_migrations" ORDER BY "schema_migrations"."version" ASC[0m
Started GET "/contact" for 127.0.0.1 at 2018-04-26 21:20:57 +0200
  [1m[35m (0.7ms)[0m  [1m[34mSELECT "schema_migrations"."version" FROM "schema_migrations" ORDER BY "schema_migrations"."version" ASC[0m
Processing by StaticController#contact as HTML
  Rendering static/contact.html.erb within layouts/application
  Rendered static/contact.html.erb within layouts/application (2.2ms)
Completed 200 OK in 170ms (Views: 160.0ms | ActiveRecord: 0.0ms)


Started GET "/contact" for 127.0.0.1 at 2018-04-26 21:20:59 +0200
Processing by StaticController#contact as HTML
  Rendering static/contact.html.erb within layouts/application
  Rendered static/contact.html.erb within layouts/application (0.3ms)
Completed 200 OK in 29ms (Views: 24.2ms | ActiveRecord: 0.0ms)


Started GET "/contactlo" for 127.0.0.1 at 2018-04-26 21:22:18 +0200
  
ActionController::RoutingError (No route matches [GET] "/contactlo"):
  
actionpack (5.1.6) lib/action_dispatch/middleware/debug_exceptions.rb:63:in `call'
web-console (3.6.1) lib/web_console/middleware.rb:135:in `call_app'
web-console (3.6.1) lib/web_console/middleware.rb:30:in `block in call'
web-console (3.6.1) lib/web_console/middleware.rb:20:in `catch'
web-console (3.6.1) lib/web_console/middleware.rb:20:in `call'
actionpack (5.1.6) lib/action_dispatch/middleware/show_exceptions.rb:31:in `call'
railties (5.1.6) lib/rails/rack/logger.rb:36:in `call_app'
railties (5.1.6) lib/rails/rack/logger.rb:24:in `block in call'
activesupport (5.1.6) lib/active_support/tagged_logging.rb:69:in `block in tagged'
activesupport (5.1.6) lib/active_support/tagged_logging.rb:26:in `tagged'
activesupport (5.1.6) lib/active_support/tagged_logging.rb:69:in `tagged'
railties (5.1.6) lib/rails/rack/logger.rb:24:in `call'
sprockets-rails (3.2.1) lib/sprockets/rails/quiet_assets.rb:13:in `call'
actionpack (5.1.6) lib/action_dispatch/middleware/remote_ip.rb:79:in `call'
actionpack (5.1.6) lib/action_dispatch/middleware/request_id.rb:25:in `call'
rack (2.0.5) lib/rack/method_override.rb:22:in `call'
rack (2.0.5) lib/rack/runtime.rb:22:in `call'
activesupport (5.1.6) lib/active_support/cache/strategy/local_cache_middleware.rb:27:in `call'
actionpack (5.1.6) lib/action_dispatch/middleware/executor.rb:12:in `call'
actionpack (5.1.6) lib/action_dispatch/middleware/static.rb:125:in `call'
rack (2.0.5) lib/rack/sendfile.rb:111:in `call'
railties (5.1.6) lib/rails/engine.rb:522:in `call'
puma (3.11.4) lib/puma/configuration.rb:225:in `call'
puma (3.11.4) lib/puma/server.rb:632:in `handle_request'
puma (3.11.4) lib/puma/server.rb:446:in `process_client'
puma (3.11.4) lib/puma/server.rb:306:in `block in run'
puma (3.11.4) lib/puma/thread_pool.rb:120:in `block in spawn_thread'
Started GET "/user" for 127.0.0.1 at 2018-04-26 21:25:54 +0200
  
ActionController::RoutingError (uninitialized constant UsersControllerController):
  
activesupport (5.1.6) lib/active_support/inflector/methods.rb:269:in `const_get'
activesupport (5.1.6) lib/active_support/inflector/methods.rb:269:in `block in constantize'
activesupport (5.1.6) lib/active_support/inflector/methods.rb:267:in `each'
activesupport (5.1.6) lib/active_support/inflector/methods.rb:267:in `inject'
activesupport (5.1.6) lib/active_support/inflector/methods.rb:267:in `constantize'
actionpack (5.1.6) lib/action_dispatch/http/request.rb:85:in `controller_class_for'
actionpack (5.1.6) lib/action_dispatch/http/request.rb:78:in `controller_class'
actionpack (5.1.6) lib/action_dispatch/routing/route_set.rb:43:in `controller'
actionpack (5.1.6) lib/action_dispatch/routing/route_set.rb:29:in `serve'
actionpack (5.1.6) lib/action_dispatch/journey/router.rb:50:in `block in serve'
actionpack (5.1.6) lib/action_dispatch/journey/router.rb:33:in `each'
actionpack (5.1.6) lib/action_dispatch/journey/router.rb:33:in `serve'
actionpack (5.1.6) lib/action_dispatch/routing/route_set.rb:844:in `call'
rack (2.0.5) lib/rack/etag.rb:25:in `call'
rack (2.0.5) lib/rack/conditional_get.rb:25:in `call'
rack (2.0.5) lib/rack/head.rb:12:in `call'
rack (2.0.5) lib/rack/session/abstract/id.rb:232:in `context'
rack (2.0.5) lib/rack/session/abstract/id.rb:226:in `call'
actionpack (5.1.6) lib/action_dispatch/middleware/cookies.rb:613:in `call'
activerecord (5.1.6) lib/active_record/migration.rb:556:in `call'
actionpack (5.1.6) lib/action_dispatch/middleware/callbacks.rb:26:in `block in call'
activesupport (5.1.6) lib/active_support/callbacks.rb:97:in `run_callbacks'
actionpack (5.1.6) lib/action_dispatch/middleware/callbacks.rb:24:in `call'
actionpack (5.1.6) lib/action_dispatch/middleware/executor.rb:12:in `call'
actionpack (5.1.6) lib/action_dispatch/middleware/debug_exceptions.rb:59:in `call'
web-console (3.6.1) lib/web_console/middleware.rb:135:in `call_app'
web-console (3.6.1) lib/web_console/middleware.rb:30:in `block in call'
web-console (3.6.1) lib/web_console/middleware.rb:20:in `catch'
web-console (3.6.1) lib/web_console/middleware.rb:20:in `call'
actionpack (5.1.6) lib/action_dispatch/middleware/show_exceptions.rb:31:in `call'
railties (5.1.6) lib/rails/rack/logger.rb:36:in `call_app'
railties (5.1.6) lib/rails/rack/logger.rb:24:in `block in call'
activesupport (5.1.6) lib/active_support/tagged_logging.rb:69:in `block in tagged'
activesupport (5.1.6) lib/active_support/tagged_logging.rb:26:in `tagged'
activesupport (5.1.6) lib/active_support/tagged_logging.rb:69:in `tagged'
railties (5.1.6) lib/rails/rack/logger.rb:24:in `call'
sprockets-rails (3.2.1) lib/sprockets/rails/quiet_assets.rb:13:in `call'
actionpack (5.1.6) lib/action_dispatch/middleware/remote_ip.rb:79:in `call'
actionpack (5.1.6) lib/action_dispatch/middleware/request_id.rb:25:in `call'
rack (2.0.5) lib/rack/method_override.rb:22:in `call'
rack (2.0.5) lib/rack/runtime.rb:22:in `call'
activesupport (5.1.6) lib/active_support/cache/strategy/local_cache_middleware.rb:27:in `call'
actionpack (5.1.6) lib/action_dispatch/middleware/executor.rb:12:in `call'
actionpack (5.1.6) lib/action_dispatch/middleware/static.rb:125:in `call'
rack (2.0.5) lib/rack/sendfile.rb:111:in `call'
railties (5.1.6) lib/rails/engine.rb:522:in `call'
puma (3.11.4) lib/puma/configuration.rb:225:in `call'
puma (3.11.4) lib/puma/server.rb:632:in `handle_request'
puma (3.11.4) lib/puma/server.rb:446:in `process_client'
puma (3.11.4) lib/puma/server.rb:306:in `block in run'
puma (3.11.4) lib/puma/thread_pool.rb:120:in `block in spawn_thread'
Started GET "/users_controller" for 127.0.0.1 at 2018-04-26 21:26:11 +0200
  
ActionController::RoutingError (No route matches [GET] "/users_controller"):
  
actionpack (5.1.6) lib/action_dispatch/middleware/debug_exceptions.rb:63:in `call'
web-console (3.6.1) lib/web_console/middleware.rb:135:in `call_app'
web-console (3.6.1) lib/web_console/middleware.rb:30:in `block in call'
web-console (3.6.1) lib/web_console/middleware.rb:20:in `catch'
web-console (3.6.1) lib/web_console/middleware.rb:20:in `call'
actionpack (5.1.6) lib/action_dispatch/middleware/show_exceptions.rb:31:in `call'
railties (5.1.6) lib/rails/rack/logger.rb:36:in `call_app'
railties (5.1.6) lib/rails/rack/logger.rb:24:in `block in call'
activesupport (5.1.6) lib/active_support/tagged_logging.rb:69:in `block in tagged'
activesupport (5.1.6) lib/active_support/tagged_logging.rb:26:in `tagged'
activesupport (5.1.6) lib/active_support/tagged_logging.rb:69:in `tagged'
railties (5.1.6) lib/rails/rack/logger.rb:24:in `call'
sprockets-rails (3.2.1) lib/sprockets/rails/quiet_assets.rb:13:in `call'
actionpack (5.1.6) lib/action_dispatch/middleware/remote_ip.rb:79:in `call'
actionpack (5.1.6) lib/action_dispatch/middleware/request_id.rb:25:in `call'
rack (2.0.5) lib/rack/method_override.rb:22:in `call'
rack (2.0.5) lib/rack/runtime.rb:22:in `call'
activesupport (5.1.6) lib/active_support/cache/strategy/local_cache_middleware.rb:27:in `call'
actionpack (5.1.6) lib/action_dispatch/middleware/executor.rb:12:in `call'
actionpack (5.1.6) lib/action_dispatch/middleware/static.rb:125:in `call'
rack (2.0.5) lib/rack/sendfile.rb:111:in `call'
railties (5.1.6) lib/rails/engine.rb:522:in `call'
puma (3.11.4) lib/puma/configuration.rb:225:in `call'
puma (3.11.4) lib/puma/server.rb:632:in `handle_request'
puma (3.11.4) lib/puma/server.rb:446:in `process_client'
puma (3.11.4) lib/puma/server.rb:306:in `block in run'
puma (3.11.4) lib/puma/thread_pool.rb:120:in `block in spawn_thread'
Started GET "/" for 127.0.0.1 at 2018-04-26 21:43:35 +0200
  [1m[35m (0.5ms)[0m  [1m[34mSELECT "schema_migrations"."version" FROM "schema_migrations" ORDER BY "schema_migrations"."version" ASC[0m
Processing by StaticController#home as HTML
  [1m[36mUser Load (0.4ms)[0m  [1m[34mSELECT  "users".* FROM "users" ORDER BY "users"."id" ASC LIMIT ?[0m  [["LIMIT", 1]]
  Rendering static/home.html.erb within layouts/application
  Rendered static/home.html.erb within layouts/application (1.4ms)
Completed 200 OK in 182ms (Views: 164.2ms | ActiveRecord: 1.2ms)


Started GET "/contact" for 127.0.0.1 at 2018-04-26 21:44:42 +0200
Started GET "/contact" for 127.0.0.1 at 2018-04-26 21:44:52 +0200
Started GET "/" for 127.0.0.1 at 2018-04-26 21:44:52 +0200
Started GET "/about" for 127.0.0.1 at 2018-04-26 21:44:52 +0200
Processing by StaticController#contact as HTML
  Rendering static/contact.html.erb within layouts/application
  Rendered static/contact.html.erb within layouts/application (0.3ms)
Completed 200 OK in 24ms (Views: 19.5ms)


Processing by StaticController#about as HTML
Processing by StaticController#home as HTML
Processing by StaticController#contact as HTML
  Rendering static/about.html.erb within layouts/application
  Rendered static/about.html.erb within layouts/application (0.3ms)
  Rendering static/contact.html.erb within layouts/application
  Rendered static/contact.html.erb within layouts/application (0.0ms)
Completed 200 OK in 52ms (Views: 46.5ms)


Completed 200 OK in 38ms (Views: 34.3ms)


  [1m[36mUser Load (0.3ms)[0m  [1m[34mSELECT  "users".* FROM "users" ORDER BY "users"."id" ASC LIMIT ?[0m  [["LIMIT", 1]]
  Rendering static/home.html.erb within layouts/application
  Rendered static/home.html.erb within layouts/application (0.5ms)
Completed 200 OK in 93ms (Views: 34.3ms | ActiveRecord: 2.0ms)


Started GET "/contact" for 127.0.0.1 at 2018-04-26 21:44:54 +0200
Processing by StaticController#contact as HTML
  Rendering static/contact.html.erb within layouts/application
  Rendered static/contact.html.erb within layouts/application (0.3ms)
Completed 200 OK in 32ms (Views: 26.7ms | ActiveRecord: 0.0ms)


Started GET "/about" for 127.0.0.1 at 2018-04-26 21:44:55 +0200
Processing by StaticController#about as HTML
  Rendering static/about.html.erb within layouts/application
  Rendered static/about.html.erb within layouts/application (0.4ms)
Completed 200 OK in 31ms (Views: 26.9ms | ActiveRecord: 0.0ms)


Started GET "/" for 127.0.0.1 at 2018-04-26 21:44:57 +0200
Processing by StaticController#home as HTML
  [1m[36mUser Load (0.3ms)[0m  [1m[34mSELECT  "users".* FROM "users" ORDER BY "users"."id" ASC LIMIT ?[0m  [["LIMIT", 1]]
  Rendering static/home.html.erb within layouts/application
  Rendered static/home.html.erb within layouts/application (0.6ms)
Completed 200 OK in 47ms (Views: 36.3ms | ActiveRecord: 0.3ms)


Started GET "/contact" for 127.0.0.1 at 2018-04-26 21:44:58 +0200
Processing by StaticController#contact as HTML
  Rendering static/contact.html.erb within layouts/application
  Rendered static/contact.html.erb within layouts/application (0.4ms)
Completed 200 OK in 57ms (Views: 52.2ms | ActiveRecord: 0.0ms)


Started GET "/about" for 127.0.0.1 at 2018-04-26 21:45:00 +0200
Processing by StaticController#about as HTML
  Rendering static/about.html.erb within layouts/application
  Rendered static/about.html.erb within layouts/application (0.3ms)
Completed 200 OK in 40ms (Views: 33.1ms | ActiveRecord: 0.0ms)


Started GET "/" for 127.0.0.1 at 2018-04-26 21:45:01 +0200
Processing by StaticController#home as HTML
  [1m[36mUser Load (0.2ms)[0m  [1m[34mSELECT  "users".* FROM "users" ORDER BY "users"."id" ASC LIMIT ?[0m  [["LIMIT", 1]]
  Rendering static/home.html.erb within layouts/application
  Rendered static/home.html.erb within layouts/application (0.5ms)
Completed 200 OK in 36ms (Views: 29.1ms | ActiveRecord: 0.2ms)


Started GET "/about" for 127.0.0.1 at 2018-04-26 21:45:04 +0200
Processing by StaticController#about as HTML
  Rendering static/about.html.erb within layouts/application
  Rendered static/about.html.erb within layouts/application (0.4ms)
Completed 200 OK in 39ms (Views: 33.2ms | ActiveRecord: 0.0ms)


